[F:\Consensus\] Kan de map of het bestand niet maken. De schijf is mogelijk vol of alleen-lezen.
[F:\Consensus\.git\] Kan de map of het bestand niet maken. De schijf is mogelijk vol of alleen-lezen.
[F:\Consensus\.devcontainer\] Kan de map of het bestand niet maken. De schijf is mogelijk vol of alleen-lezen.
[F:\Consensus\devcontainer.json] Kan de map of het bestand niet maken. De schijf is mogelijk vol of alleen-lezen.
[F:\Consensus\.devcontainer\devcontainer.json] Kan de map of het bestand niet maken. De schijf is mogelijk vol of alleen-lezen.
[F:\Consensus\.devcontainer\Dockerfile] Kan de map of het bestand niet maken. De schijf is mogelijk vol of alleen-lezen.
[F:\Consensus\.git\refs\] Kan de map of het bestand niet maken. De schijf is mogelijk vol of alleen-lezen.
[F:\Consensus\.git\objects\] Kan de map of het bestand niet maken. De schijf is mogelijk vol of alleen-lezen.
[F:\Consensus\.git\info\] Kan de map of het bestand niet maken. De schijf is mogelijk vol of alleen-lezen.
[F:\Consensus\.git\hooks\] Kan de map of het bestand niet maken. De schijf is mogelijk vol of alleen-lezen.
[F:\Consensus\.git\branches\] Kan de map of het bestand niet maken. De schijf is mogelijk vol of alleen-lezen.
[F:\Consensus\.git\index] Kan de map of het bestand niet maken. De schijf is mogelijk vol of alleen-lezen.
[F:\Consensus\.git\description] Kan de map of het bestand niet maken. De schijf is mogelijk vol of alleen-lezen.
[F:\Consensus\.git\config] Kan de map of het bestand niet maken. De schijf is mogelijk vol of alleen-lezen.
[F:\Consensus\.git\HEAD] Kan de map of het bestand niet maken. De schijf is mogelijk vol of alleen-lezen.
[F:\Consensus\.git\FETCH_HEAD] Kan de map of het bestand niet maken. De schijf is mogelijk vol of alleen-lezen.
[F:\Consensus\.git\COMMIT_EDITMSG] Kan de map of het bestand niet maken. De schijf is mogelijk vol of alleen-lezen.
[F:\Consensus\.git\hooks\update.sample] Kan de map of het bestand niet maken. De schijf is mogelijk vol of alleen-lezen.
[F:\Consensus\.git\hooks\prepare-commit-msg.sample] Kan de map of het bestand niet maken. De schijf is mogelijk vol of alleen-lezen.
[F:\Consensus\.git\hooks\pre-receive.sample] Kan de map of het bestand niet maken. De schijf is mogelijk vol of alleen-lezen.
[F:\Consensus\.git\hooks\pre-rebase.sample] Kan de map of het bestand niet maken. De schijf is mogelijk vol of alleen-lezen.
[F:\Consensus\.git\hooks\pre-push.sample] Kan de map of het bestand niet maken. De schijf is mogelijk vol of alleen-lezen.
[F:\Consensus\.git\hooks\pre-merge-commit.sample] Kan de map of het bestand niet maken. De schijf is mogelijk vol of alleen-lezen.
[F:\Consensus\.git\hooks\pre-commit.sample] Kan de map of het bestand niet maken. De schijf is mogelijk vol of alleen-lezen.
[F:\Consensus\.git\hooks\pre-applypatch.sample] Kan de map of het bestand niet maken. De schijf is mogelijk vol of alleen-lezen.
[F:\Consensus\.git\hooks\post-update.sample] Kan de map of het bestand niet maken. De schijf is mogelijk vol of alleen-lezen.
[F:\Consensus\.git\hooks\fsmonitor-watchman.sample] Kan de map of het bestand niet maken. De schijf is mogelijk vol of alleen-lezen.
[F:\Consensus\.git\hooks\commit-msg.sample] Kan de map of het bestand niet maken. De schijf is mogelijk vol of alleen-lezen.
[F:\Consensus\.git\hooks\applypatch-msg.sample] Kan de map of het bestand niet maken. De schijf is mogelijk vol of alleen-lezen.
[F:\Consensus\.git\info\exclude] Kan de map of het bestand niet maken. De schijf is mogelijk vol of alleen-lezen.
[F:\Consensus\.git\objects\pack\] Kan de map of het bestand niet maken. De schijf is mogelijk vol of alleen-lezen.
[F:\Consensus\.git\objects\info\] Kan de map of het bestand niet maken. De schijf is mogelijk vol of alleen-lezen.
[F:\Consensus\.git\objects\da\] Kan de map of het bestand niet maken. De schijf is mogelijk vol of alleen-lezen.
[F:\Consensus\.git\objects\84\] Kan de map of het bestand niet maken. De schijf is mogelijk vol of alleen-lezen.
[F:\Consensus\.git\objects\6a\] Kan de map of het bestand niet maken. De schijf is mogelijk vol of alleen-lezen.
[F:\Consensus\.git\objects\58\] Kan de map of het bestand niet maken. De schijf is mogelijk vol of alleen-lezen.
[F:\Consensus\.git\objects\58\b503b8292b52d9895df1ea0c2a124025f3d061] Kan de map of het bestand niet maken. De schijf is mogelijk vol of alleen-lezen.
[F:\Consensus\.git\objects\6a\4224e956f6f45f0d7faa8a58bf7db30b9c92ed] Kan de map of het bestand niet maken. De schijf is mogelijk vol of alleen-lezen.
[F:\Consensus\.git\objects\84\2b88a1d319fd8aed4a8c96b587a9b7d5032454] Kan de map of het bestand niet maken. De schijf is mogelijk vol of alleen-lezen.
[F:\Consensus\.git\objects\da\caafbc09940b8f766f41eea7a6f8b66b45ed2c] Kan de map of het bestand niet maken. De schijf is mogelijk vol of alleen-lezen.
[F:\Consensus\.git\refs\tags\] Kan de map of het bestand niet maken. De schijf is mogelijk vol of alleen-lezen.
[F:\Consensus\.git\refs\heads\] Kan de map of het bestand niet maken. De schijf is mogelijk vol of alleen-lezen.
